<?xml version="1.0" encoding="UTF-8"?>
<robot generator="Robot 7.3.2 (Python 3.13.5 on win32)" generated="2025-07-23T16:14:49.556925" rpa="false" schemaversion="5">
<suite id="s1" name="Tests" source="C:\Users\willi\Documents\Estudos\Robot framework\tests">
<suite id="s1-s1" name="Api Tests" source="C:\Users\willi\Documents\Estudos\Robot framework\tests\api_tests.robot">
<test id="s1-s1-t1" name="Search User by ID" line="5">
<kw name="Search User" owner="api_keywords">
<kw name="Create Dictionary" owner="BuiltIn">
<msg time="2025-07-23T16:14:50.121947" level="INFO">&amp;{headers} = { x-api-key=reqres-free-v1 }</msg>
<var>&amp;{headers}</var>
<arg>x-api-key=${API_KEY}</arg>
<doc>Creates and returns a dictionary based on the given ``items``.</doc>
<status status="PASS" start="2025-07-23T16:14:50.121627" elapsed="0.000357"/>
</kw>
<kw name="Create Session" owner="RequestsLibrary">
<msg time="2025-07-23T16:14:50.122288" level="INFO">Creating Session using : alias=reqres, url=https://reqres.in/api, headers={'x-api-key': 'reqres-free-v1'},                     cookies={}, auth=None, timeout=None, proxies=None, verify=False,                     debug=0 </msg>
<arg>reqres</arg>
<arg>${BASE_URL}</arg>
<arg>headers=${headers}</arg>
<doc>Create Session: create a HTTP session to a server</doc>
<status status="PASS" start="2025-07-23T16:14:50.122100" elapsed="0.000345"/>
</kw>
<kw name="GET On Session" owner="RequestsLibrary">
<msg time="2025-07-23T16:14:50.239566" level="INFO">GET Request : url=https://reqres.in/api/users/2 
 path_url=/api/users/2 
 headers={'User-Agent': 'python-requests/2.32.4', 'Accept-Encoding': 'gzip, deflate', 'Accept': '*/*', 'Connection': 'keep-alive', 'x-api-key': 'reqres-free-v1'} 
 body=None 
 </msg>
<msg time="2025-07-23T16:14:50.239700" level="INFO">GET Response : url=https://reqres.in/api/users/2 
 status=200, reason=OK 
 headers={'Date': 'Wed, 23 Jul 2025 19:14:50 GMT', 'Content-Type': 'application/json; charset=utf-8', 'Transfer-Encoding': 'chunked', 'Connection': 'keep-alive', 'Content-Encoding': 'gzip', 'Access-Control-Allow-Origin': '*', 'Etag': 'W/"152-ApQgGHL6RKwaebFlrPCYPBO1xHg"', 'Nel': '{"report_to":"heroku-nel","response_headers":["Via"],"max_age":3600,"success_fraction":0.01,"failure_fraction":0.1}', 'Ratelimit-Limit': '100', 'Ratelimit-Policy': '100;w=60', 'Ratelimit-Remaining': '96', 'Ratelimit-Reset': '60', 'Referrer-Policy': 'strict-origin-when-cross-origin', 'Report-To': '{"group":"heroku-nel","endpoints":[{"url":"https://nel.heroku.com/reports?s=tUvhQ2ZTkJZIJtGeWVAGVYI%2FSRZ3DM1WzdUDgq%2F%2B3G0%3D\\u0026sid=c4c9725f-1ab0-44d8-820f-430df2718e11\\u0026ts=1753295369"}],"max_age":3600}', 'Reporting-Endpoints': 'heroku-nel="https://nel.heroku.com/reports?s=tUvhQ2ZTkJZIJtGeWVAGVYI%2FSRZ3DM1WzdUDgq%2F%2B3G0%3D&amp;sid=c4c9725f-1ab0-44d8-820f-430df2718e11&amp;ts=1753295369"', 'Via': '1.1 heroku-router', 'X-Content-Type-Options': 'nosniff', 'X-Frame-Options': 'DENY', 'X-Request-Id': '64141440-d229-9293-93f9-1a600249f898', 'X-Xss-Protection': '1; mode=block', 'Cache-Control': 'max-age=14400', 'CF-Cache-Status': 'HIT', 'Age': '2721', 'Vary': 'Accept-Encoding', 'Server': 'cloudflare', 'CF-RAY': '963d80c7be575cf3-GRU', 'server-timing': 'cfL4;desc="?proto=TCP&amp;rtt=8213&amp;min_rtt=8212&amp;rtt_var=3082&amp;sent=4&amp;recv=6&amp;lost=0&amp;retrans=0&amp;sent_bytes=2833&amp;recv_bytes=797&amp;delivery_rate=350151&amp;cwnd=251&amp;unsent_bytes=0&amp;cid=8535d83f16e696b0&amp;ts=54&amp;x=0"'} 
 body={"data":{"id":2,"email":"janet.weaver@reqres.in","first_name":"Janet","last_name":"Weaver","avatar":"https://reqres.in/img/faces/2-image.jpg"},"support":{"url":"https://contentcaddy.io?utm_source=reqres&amp;utm_medium=json&amp;utm_campaign=referral","text":"Tired of writing endless social media content? Let Content Caddy generate it for you."}} 
 </msg>
<msg time="2025-07-23T16:14:50.239776" level="INFO">C:\Users\willi\AppData\Roaming\Python\Python313\site-packages\urllib3\connectionpool.py:1097: InsecureRequestWarning: Unverified HTTPS request is being made to host 'reqres.in'. Adding certificate verification is strongly advised. See: https://urllib3.readthedocs.io/en/latest/advanced-usage.html#tls-warnings
  warnings.warn(</msg>
<msg time="2025-07-23T16:14:50.240215" level="INFO">${response} = &lt;Response [200]&gt;</msg>
<var>${response}</var>
<arg>reqres</arg>
<arg>/users/${id}</arg>
<doc>Sends a GET request on a previously created HTTP Session.</doc>
<status status="PASS" start="2025-07-23T16:14:50.122542" elapsed="0.117706"/>
</kw>
<kw name="Set Suite Variable" owner="BuiltIn">
<msg time="2025-07-23T16:14:50.240610" level="INFO">${response} = &lt;Response [200]&gt;</msg>
<arg>${response}</arg>
<doc>Makes a variable available everywhere within the scope of the current suite.</doc>
<status status="PASS" start="2025-07-23T16:14:50.240401" elapsed="0.000251"/>
</kw>
<arg>2</arg>
<status status="PASS" start="2025-07-23T16:14:50.121114" elapsed="0.119606"/>
</kw>
<kw name="Verify Status Code" owner="api_keywords">
<kw name="Should Be Equal As Integers" owner="BuiltIn">
<msg time="2025-07-23T16:14:50.241764" level="INFO">Argument types are:
&lt;class 'int'&gt;
&lt;class 'str'&gt;</msg>
<arg>${response.status_code}</arg>
<arg>${expected}</arg>
<doc>Fails if objects are unequal after converting them to integers.</doc>
<status status="PASS" start="2025-07-23T16:14:50.241266" elapsed="0.000557"/>
</kw>
<arg>200</arg>
<status status="PASS" start="2025-07-23T16:14:50.241018" elapsed="0.000871"/>
</kw>
<kw name="Verify User Name" owner="api_keywords">
<kw name="Set Variable" owner="BuiltIn">
<msg time="2025-07-23T16:14:50.242909" level="INFO">${body} = {'data': {'id': 2, 'email': 'janet.weaver@reqres.in', 'first_name': 'Janet', 'last_name': 'Weaver', 'avatar': 'https://reqres.in/img/faces/2-image.jpg'}, 'support': {'url': 'https://contentcaddy.io?ut...</msg>
<var>${body}</var>
<arg>${response.json()}</arg>
<doc>Returns the given values which can then be assigned to a variables.</doc>
<status status="PASS" start="2025-07-23T16:14:50.242413" elapsed="0.000526"/>
</kw>
<kw name="Get From Dictionary" owner="Collections">
<msg time="2025-07-23T16:14:50.243190" level="INFO">${data} = {'id': 2, 'email': 'janet.weaver@reqres.in', 'first_name': 'Janet', 'last_name': 'Weaver', 'avatar': 'https://reqres.in/img/faces/2-image.jpg'}</msg>
<var>${data}</var>
<arg>${body}</arg>
<arg>data</arg>
<doc>Returns a value from the given ``dictionary`` based on the given ``key``.</doc>
<status status="PASS" start="2025-07-23T16:14:50.243038" elapsed="0.000179"/>
</kw>
<kw name="Run Keyword If" owner="BuiltIn">
<arg>"${data}" is dict</arg>
<arg>Should Be Equal</arg>
<arg>${data["first_name"]}</arg>
<arg>${first_name}</arg>
<arg>AND</arg>
<arg>Should Be Equal</arg>
<arg>${data["last_name"]}</arg>
<arg>${last_name}</arg>
<doc>Runs the given keyword with the given arguments, if ``condition`` is true.</doc>
<status status="PASS" start="2025-07-23T16:14:50.243327" elapsed="0.000357"/>
</kw>
<kw name="Run Keyword If" owner="BuiltIn">
<arg>"${data}" is list</arg>
<arg>Should Be Equal</arg>
<arg>${data[0]["first_name"]}</arg>
<arg>${first_name}</arg>
<arg>AND</arg>
<arg>Should Be Equal</arg>
<arg>${data[0]["last_name"]}</arg>
<arg>${last_name}</arg>
<doc>Runs the given keyword with the given arguments, if ``condition`` is true.</doc>
<status status="PASS" start="2025-07-23T16:14:50.243817" elapsed="0.000160"/>
</kw>
<arg>Janet</arg>
<arg>Weaver</arg>
<status status="PASS" start="2025-07-23T16:14:50.242168" elapsed="0.001892"/>
</kw>
<status status="PASS" start="2025-07-23T16:14:50.120465" elapsed="0.123865"/>
</test>
<test id="s1-s1-t2" name="Delete User" line="10">
<kw name="Delete User" owner="api_keywords">
<kw name="Create Dictionary" owner="BuiltIn">
<msg time="2025-07-23T16:14:50.245958" level="INFO">&amp;{headers} = { x-api-key=reqres-free-v1 }</msg>
<var>&amp;{headers}</var>
<arg>x-api-key=${API_KEY}</arg>
<doc>Creates and returns a dictionary based on the given ``items``.</doc>
<status status="PASS" start="2025-07-23T16:14:50.245755" elapsed="0.000229"/>
</kw>
<kw name="Create Session" owner="RequestsLibrary">
<msg time="2025-07-23T16:14:50.246359" level="INFO">Creating Session using : alias=reqres, url=https://reqres.in/api, headers={'x-api-key': 'reqres-free-v1'},                     cookies={}, auth=None, timeout=None, proxies=None, verify=False,                     debug=0 </msg>
<arg>reqres</arg>
<arg>${BASE_URL}</arg>
<arg>headers=${headers}</arg>
<doc>Create Session: create a HTTP session to a server</doc>
<status status="PASS" start="2025-07-23T16:14:50.246181" elapsed="0.000315"/>
</kw>
<kw name="DELETE On Session" owner="RequestsLibrary">
<msg time="2025-07-23T16:14:50.695431" level="INFO">DELETE Request : url=https://reqres.in/api/users/2 
 path_url=/api/users/2 
 headers={'User-Agent': 'python-requests/2.32.4', 'Accept-Encoding': 'gzip, deflate', 'Accept': '*/*', 'Connection': 'keep-alive', 'x-api-key': 'reqres-free-v1', 'Content-Length': '0'} 
 body=None 
 </msg>
<msg time="2025-07-23T16:14:50.695765" level="INFO">DELETE Response : url=https://reqres.in/api/users/2 
 status=204, reason=No Content 
 headers={'Date': 'Wed, 23 Jul 2025 19:14:50 GMT', 'Connection': 'keep-alive', 'CF-RAY': '963d80c86838f1c9-GRU', 'Access-Control-Allow-Origin': '*', 'Etag': 'W/"2-vyGp6PvFo4RvsFtPoIWeCReyIC8"', 'Nel': '{"report_to":"heroku-nel","response_headers":["Via"],"max_age":3600,"success_fraction":0.01,"failure_fraction":0.1}', 'Ratelimit-Limit': '100', 'Ratelimit-Policy': '100;w=60', 'Ratelimit-Remaining': '98', 'Ratelimit-Reset': '60', 'Referrer-Policy': 'strict-origin-when-cross-origin', 'Report-To': '{"group":"heroku-nel","endpoints":[{"url":"https://nel.heroku.com/reports?s=AjTYiGZW94uRmSxuxDZ1uNjBOvqUwr7b1Ks7XAZF%2FEM%3D\\u0026sid=c4c9725f-1ab0-44d8-820f-430df2718e11\\u0026ts=1753298090"}],"max_age":3600}', 'Reporting-Endpoints': 'heroku-nel="https://nel.heroku.com/reports?s=AjTYiGZW94uRmSxuxDZ1uNjBOvqUwr7b1Ks7XAZF%2FEM%3D&amp;sid=c4c9725f-1ab0-44d8-820f-430df2718e11&amp;ts=1753298090"', 'Via': '1.1 heroku-router', 'X-Content-Type-Options': 'nosniff', 'X-Frame-Options': 'DENY', 'X-Request-Id': '2e76c693-0ab3-a94f-486f-441f9583d600', 'X-Xss-Protection': '1; mode=block', 'cf-cache-status': 'DYNAMIC', 'Server': 'cloudflare', 'server-timing': 'cfL4;desc="?proto=TCP&amp;rtt=8281&amp;min_rtt=8245&amp;rtt_var=3165&amp;sent=4&amp;recv=6&amp;lost=0&amp;retrans=0&amp;sent_bytes=2833&amp;recv_bytes=819&amp;delivery_rate=337315&amp;cwnd=251&amp;unsent_bytes=0&amp;cid=883dc51da73e4190&amp;ts=396&amp;x=0"'} 
 body=None 
 </msg>
<msg time="2025-07-23T16:14:50.696055" level="INFO">C:\Users\willi\AppData\Roaming\Python\Python313\site-packages\urllib3\connectionpool.py:1097: InsecureRequestWarning: Unverified HTTPS request is being made to host 'reqres.in'. Adding certificate verification is strongly advised. See: https://urllib3.readthedocs.io/en/latest/advanced-usage.html#tls-warnings
  warnings.warn(</msg>
<msg time="2025-07-23T16:14:50.697589" level="INFO">${response} = &lt;Response [204]&gt;</msg>
<var>${response}</var>
<arg>reqres</arg>
<arg>/users/${id}</arg>
<doc>Sends a DELETE request on a previously created HTTP Session.</doc>
<status status="PASS" start="2025-07-23T16:14:50.246585" elapsed="0.451149"/>
</kw>
<kw name="Set Suite Variable" owner="BuiltIn">
<msg time="2025-07-23T16:14:50.699009" level="INFO">${response} = &lt;Response [204]&gt;</msg>
<arg>${response}</arg>
<doc>Makes a variable available everywhere within the scope of the current suite.</doc>
<status status="PASS" start="2025-07-23T16:14:50.698279" elapsed="0.000909"/>
</kw>
<arg>2</arg>
<status status="PASS" start="2025-07-23T16:14:50.245543" elapsed="0.453884"/>
</kw>
<kw name="Verify Status Code" owner="api_keywords">
<kw name="Should Be Equal As Integers" owner="BuiltIn">
<msg time="2025-07-23T16:14:50.703823" level="INFO">Argument types are:
&lt;class 'int'&gt;
&lt;class 'str'&gt;</msg>
<arg>${response.status_code}</arg>
<arg>${expected}</arg>
<doc>Fails if objects are unequal after converting them to integers.</doc>
<status status="PASS" start="2025-07-23T16:14:50.701603" elapsed="0.002496"/>
</kw>
<arg>204</arg>
<status status="PASS" start="2025-07-23T16:14:50.700472" elapsed="0.003930"/>
</kw>
<status status="PASS" start="2025-07-23T16:14:50.245131" elapsed="0.459998"/>
</test>
<status status="PASS" start="2025-07-23T16:14:49.594062" elapsed="1.113510"/>
</suite>
<suite id="s1-s2" name="Ui Tests" source="C:\Users\willi\Documents\Estudos\Robot framework\tests\ui_tests.robot">
<kw name="Open Browser" owner="SeleniumLibrary" type="SETUP">
<msg time="2025-07-23T16:14:51.075800" level="INFO">Opening browser 'chrome' to base url 'https://the-internet.herokuapp.com/login'.</msg>
<arg>https://the-internet.herokuapp.com/login</arg>
<arg>chrome</arg>
<doc>Opens a new browser instance to the optional ``url``.</doc>
<status status="PASS" start="2025-07-23T16:14:51.075578" elapsed="5.837289"/>
</kw>
<test id="s1-s2-t1" name="Login Successful" line="9">
<kw name="Access Login Page" owner="ui_keywords">
<kw name="Go To" owner="SeleniumLibrary">
<msg time="2025-07-23T16:14:56.913895" level="INFO">Opening url 'https://the-internet.herokuapp.com/login'</msg>
<arg>${URL_LOGIN}</arg>
<doc>Navigates the current browser window to the provided ``url``.</doc>
<status status="PASS" start="2025-07-23T16:14:56.913766" elapsed="0.394101"/>
</kw>
<status status="PASS" start="2025-07-23T16:14:56.913543" elapsed="0.394678"/>
</kw>
<kw name="Fill Username and Password" owner="ui_keywords">
<kw name="Input Text" owner="SeleniumLibrary">
<msg time="2025-07-23T16:14:57.311759" level="INFO">Typing text 'tomsmith' into text field 'id=username'.</msg>
<arg>id=username</arg>
<arg>${user}</arg>
<doc>Types the given ``text`` into the text field identified by ``locator``.</doc>
<status status="PASS" start="2025-07-23T16:14:57.310627" elapsed="0.105022"/>
</kw>
<kw name="Input Text" owner="SeleniumLibrary">
<msg time="2025-07-23T16:14:57.416265" level="INFO">Typing text 'SuperSecretPassword!' into text field 'id=password'.</msg>
<arg>id=password</arg>
<arg>${password}</arg>
<doc>Types the given ``text`` into the text field identified by ``locator``.</doc>
<status status="PASS" start="2025-07-23T16:14:57.415898" elapsed="0.074548"/>
</kw>
<arg>tomsmith</arg>
<arg>SuperSecretPassword!</arg>
<status status="PASS" start="2025-07-23T16:14:57.309483" elapsed="0.181069"/>
</kw>
<kw name="Click Login Button" owner="ui_keywords">
<kw name="Click Button" owner="SeleniumLibrary">
<msg time="2025-07-23T16:14:57.491292" level="INFO">Clicking button 'xpath=//button[@type='submit']'.</msg>
<arg>xpath=//button[@type='submit']</arg>
<doc>Clicks the button identified by ``locator``.</doc>
<status status="PASS" start="2025-07-23T16:14:57.491134" elapsed="0.574163"/>
</kw>
<status status="PASS" start="2025-07-23T16:14:57.490908" elapsed="0.574520"/>
</kw>
<kw name="Verify Success Message" owner="ui_keywords">
<kw name="Wait Until Page Contains" owner="SeleniumLibrary">
<arg>${message}</arg>
<doc>Waits until ``text`` appears on the current page.</doc>
<status status="PASS" start="2025-07-23T16:14:58.066275" elapsed="0.015154"/>
</kw>
<msg time="2025-07-23T16:14:58.081585" level="INFO">${variable} = None</msg>
<var>${variable}</var>
<arg>You logged into a secure area!</arg>
<status status="PASS" start="2025-07-23T16:14:58.065815" elapsed="0.015800"/>
</kw>
<status status="PASS" start="2025-07-23T16:14:56.913023" elapsed="1.168898"/>
</test>
<kw name="Close Browser" owner="SeleniumLibrary" type="TEARDOWN">
<doc>Closes the current browser.</doc>
<status status="PASS" start="2025-07-23T16:14:58.082904" elapsed="2.191336"/>
</kw>
<status status="PASS" start="2025-07-23T16:14:50.710221" elapsed="9.564164"/>
</suite>
<status status="PASS" start="2025-07-23T16:14:49.558562" elapsed="10.717887"/>
</suite>
<statistics>
<total>
<stat pass="3" fail="0" skip="0">All Tests</stat>
</total>
<tag>
</tag>
<suite>
<stat name="Tests" id="s1" pass="3" fail="0" skip="0">Tests</stat>
<stat name="Api Tests" id="s1-s1" pass="2" fail="0" skip="0">Tests.Api Tests</stat>
<stat name="Ui Tests" id="s1-s2" pass="1" fail="0" skip="0">Tests.Ui Tests</stat>
</suite>
</statistics>
<errors>
</errors>
</robot>
